<?xml version="1.0" encoding="UTF-8" ?>
<testsuite failures="0" time="2.255" errors="0" skipped="0" tests="6" name="com.gmail.spraetz.ChargeSpellbookTest">
  <properties>
[...]
</properties>
  <testcase time="0.472" classname="com.gmail.spraetz.ChargeSpellbookTest" name="testChargeSpellAtMaxCharges"/>
  <testcase time="0.019" classname="com.gmail.spraetz.ChargeSpellbookTest" name="testChargeSpellbookTooManySpells"/>
  <testcase time="0.016" classname="com.gmail.spraetz.ChargeSpellbookTest" name="testChargeNewSpellbook"/>
  <testcase time="0.063" classname="com.gmail.spraetz.ChargeSpellbookTest" name="testRechargeSpellbook"/>
  <testcase time="0.014" classname="com.gmail.spraetz.ChargeSpellbookTest" name="testChargeSpellbookNoReagents"/>
  <testcase time="0.117" classname="com.gmail.spraetz.ChargeSpellbookTest" name="testChargeSpellbook"/>
</testsuite>